touch-the-grass/app/build/intermediates/manifest_merge_blame_file/debug/processDebugMainManifest/manifest-merger-blame-debug-report.txt
1<?xml version="1.0" encoding="utf-8"?>
2<manifest xmlns:android="http://schemas.android.com/apk/res/android"
3    package="com.touchgrass.app"
4    android:versionCode="1"
5    android:versionName="1.0" >
6
7    <uses-sdk
8        android:minSdkVersion="26"
9        android:targetSdkVersion="34" />
10
11    <uses-permission android:name="android.permission.INTERNET" />
11-->src\main\AndroidManifest.xml:4:5-67
11-->src\main\AndroidManifest.xml:4:22-64
12    <uses-permission android:name="android.permission.CAMERA" />
12-->src\main\AndroidManifest.xml:5:5-65
12-->src\main\AndroidManifest.xml:5:22-62
13    <uses-permission android:name="android.permission.SYSTEM_ALERT_WINDOW" />
13-->src\main\AndroidManifest.xml:6:5-78
13-->src\main\AndroidManifest.xml:6:22-75
14    <uses-permission android:name="android.permission.RECEIVE_BOOT_COMPLETED" />
14-->src\main\AndroidManifest.xml:7:5-81
14-->src\main\AndroidManifest.xml:7:22-78
15    <uses-permission android:name="android.permission.SCHEDULE_EXACT_ALARM" />
15-->src\main\AndroidManifest.xml:8:5-79
15-->src\main\AndroidManifest.xml:8:22-76
16    <uses-permission android:name="android.permission.USE_EXACT_ALARM" />
16-->src\main\AndroidManifest.xml:9:5-74
16-->src\main\AndroidManifest.xml:9:22-71
17    <uses-permission android:name="android.permission.FOREGROUND_SERVICE" />
17-->src\main\AndroidManifest.xml:10:5-77
17-->src\main\AndroidManifest.xml:10:22-74
18
19    <uses-feature
19-->src\main\AndroidManifest.xml:12:5-84
20        android:name="android.hardware.camera"
20-->src\main\AndroidManifest.xml:12:19-57
21        android:required="true" />
21-->src\main\AndroidManifest.xml:12:58-81
22
23    <!-- Needed on Android 11+ to be able to list other launchable apps -->
24    <queries>
24-->src\main\AndroidManifest.xml:15:5-20:15
25        <intent>
25-->src\main\AndroidManifest.xml:16:9-19:18
26            <action android:name="android.intent.action.MAIN" />
26-->src\main\AndroidManifest.xml:17:13-65
26-->src\main\AndroidManifest.xml:17:21-62
27
28            <category android:name="android.intent.category.LAUNCHER" />
28-->src\main\AndroidManifest.xml:18:13-73
28-->src\main\AndroidManifest.xml:18:23-70
29        </intent>
30    </queries>
31
32    <permission
32-->[androidx.core:core:1.13.1] AndroidManifest.xml:22:5-24:47
33        android:name="com.touchgrass.app.DYNAMIC_RECEIVER_NOT_EXPORTED_PERMISSION"
33-->[androidx.core:core:1.13.1] AndroidManifest.xml:23:9-81
34        android:protectionLevel="signature" />
34-->[androidx.core:core:1.13.1] AndroidManifest.xml:24:9-44
35
36    <uses-permission android:name="com.touchgrass.app.DYNAMIC_RECEIVER_NOT_EXPORTED_PERMISSION" />
36-->[androidx.core:core:1.13.1] AndroidManifest.xml:26:5-97
36-->[androidx.core:core:1.13.1] AndroidManifest.xml:26:22-94
37
38    <application
38-->src\main\AndroidManifest.xml:22:5-73:19
39        android:allowBackup="true"
39-->src\main\AndroidManifest.xml:23:9-35
40        android:appComponentFactory="androidx.core.app.CoreComponentFactory"
40-->[androidx.core:core:1.13.1] AndroidManifest.xml:28:18-86
41        android:debuggable="true"
42        android:extractNativeLibs="false"
43        android:label="@string/app_name"
43-->src\main\AndroidManifest.xml:24:9-41
44        android:supportsRtl="true"
44-->src\main\AndroidManifest.xml:26:9-35
45        android:testOnly="true"
46        android:theme="@style/Theme.TouchTheGrass" >
46-->src\main\AndroidManifest.xml:25:9-51
47        <activity
47-->src\main\AndroidManifest.xml:28:9-36:20
48            android:name="com.touchgrass.app.MainActivity"
48-->src\main\AndroidManifest.xml:29:13-41
49            android:exported="true"
49-->src\main\AndroidManifest.xml:30:13-36
50            android:theme="@style/Theme.TouchTheGrass" >
50-->src\main\AndroidManifest.xml:31:13-55
51            <intent-filter>
51-->src\main\AndroidManifest.xml:32:13-35:29
52                <action android:name="android.intent.action.MAIN" />
52-->src\main\AndroidManifest.xml:17:13-65
52-->src\main\AndroidManifest.xml:17:21-62
53
54                <category android:name="android.intent.category.LAUNCHER" />
54-->src\main\AndroidManifest.xml:18:13-73
54-->src\main\AndroidManifest.xml:18:23-70
55            </intent-filter>
56        </activity>
57
58        <!-- Full-screen lock shown on top of a blocked app -->
59        <activity
59-->src\main\AndroidManifest.xml:39:9-45:58
60            android:name="com.touchgrass.app.BlockOverlayActivity"
60-->src\main\AndroidManifest.xml:40:13-49
61            android:excludeFromRecents="true"
61-->src\main\AndroidManifest.xml:43:13-46
62            android:exported="false"
62-->src\main\AndroidManifest.xml:41:13-37
63            android:launchMode="singleTask"
63-->src\main\AndroidManifest.xml:42:13-44
64            android:taskAffinity=""
64-->src\main\AndroidManifest.xml:44:13-36
65            android:theme="@style/Theme.TouchTheGrass" />
65-->src\main\AndroidManifest.xml:45:13-55
66
67        <service
67-->src\main\AndroidManifest.xml:47:9-57:19
68            android:name="com.touchgrass.app.TouchGrassAccessibilityService"
68-->src\main\AndroidManifest.xml:48:13-59
69            android:exported="true"
69-->src\main\AndroidManifest.xml:49:13-36
70            android:permission="android.permission.BIND_ACCESSIBILITY_SERVICE" >
70-->src\main\AndroidManifest.xml:50:13-79
71            <intent-filter>
71-->src\main\AndroidManifest.xml:51:13-53:29
72                <action android:name="android.accessibilityservice.AccessibilityService" />
72-->src\main\AndroidManifest.xml:52:17-92
72-->src\main\AndroidManifest.xml:52:25-89
73            </intent-filter>
74
75            <meta-data
75-->src\main\AndroidManifest.xml:54:13-56:72
76                android:name="android.accessibilityservice"
76-->src\main\AndroidManifest.xml:55:17-60
77                android:resource="@xml/accessibility_service_config" />
77-->src\main\AndroidManifest.xml:56:17-69
78        </service>
79
80        <receiver
80-->src\main\AndroidManifest.xml:59:9-61:40
81            android:name="com.touchgrass.app.MidnightResetReceiver"
81-->src\main\AndroidManifest.xml:60:13-50
82            android:exported="false" />
82-->src\main\AndroidManifest.xml:61:13-37
83
84        <provider
85            android:name="androidx.core.content.FileProvider"
85-->src\main\AndroidManifest.xml:64:13-62
86            android:authorities="com.touchgrass.app.fileprovider"
86-->src\main\AndroidManifest.xml:65:13-64
87            android:exported="false"
87-->src\main\AndroidManifest.xml:66:13-37
88            android:grantUriPermissions="true" >
88-->src\main\AndroidManifest.xml:67:13-47
89            <meta-data
89-->src\main\AndroidManifest.xml:68:13-70:54
90                android:name="android.support.FILE_PROVIDER_PATHS"
90-->src\main\AndroidManifest.xml:69:17-67
91                android:resource="@xml/file_paths" />
91-->src\main\AndroidManifest.xml:70:17-51
92        </provider>
93
94        <activity
94-->[androidx.compose.ui:ui-tooling-android:1.6.8] AndroidManifest.xml:23:9-25:39
95            android:name="androidx.compose.ui.tooling.PreviewActivity"
95-->[androidx.compose.ui:ui-tooling-android:1.6.8] AndroidManifest.xml:24:13-71
96            android:exported="true" />
96-->[androidx.compose.ui:ui-tooling-android:1.6.8] AndroidManifest.xml:25:13-36
97
98        <provider
98-->[androidx.emoji2:emoji2:1.3.0] AndroidManifest.xml:24:9-32:20
99            android:name="androidx.startup.InitializationProvider"
99-->[androidx.emoji2:emoji2:1.3.0] AndroidManifest.xml:25:13-67
100            android:authorities="com.touchgrass.app.androidx-startup"
100-->[androidx.emoji2:emoji2:1.3.0] AndroidManifest.xml:26:13-68
101            android:exported="false" >
101-->[androidx.emoji2:emoji2:1.3.0] AndroidManifest.xml:27:13-37
102            <meta-data
102-->[androidx.emoji2:emoji2:1.3.0] AndroidManifest.xml:29:13-31:52
103                android:name="androidx.emoji2.text.EmojiCompatInitializer"
103-->[androidx.emoji2:emoji2:1.3.0] AndroidManifest.xml:30:17-75
104                android:value="androidx.startup" />
104-->[androidx.emoji2:emoji2:1.3.0] AndroidManifest.xml:31:17-49
105            <meta-data
105-->[androidx.lifecycle:lifecycle-process:2.8.4] AndroidManifest.xml:29:13-31:52
106                android:name="androidx.lifecycle.ProcessLifecycleInitializer"
106-->[androidx.lifecycle:lifecycle-process:2.8.4] AndroidManifest.xml:30:17-78
107                android:value="androidx.startup" />
107-->[androidx.lifecycle:lifecycle-process:2.8.4] AndroidManifest.xml:31:17-49
108            <meta-data
108-->[androidx.profileinstaller:profileinstaller:1.3.1] AndroidManifest.xml:29:13-31:52
109                android:name="androidx.profileinstaller.ProfileInstallerInitializer"
109-->[androidx.profileinstaller:profileinstaller:1.3.1] AndroidManifest.xml:30:17-85
110                android:value="androidx.startup" />
110-->[androidx.profileinstaller:profileinstaller:1.3.1] AndroidManifest.xml:31:17-49
111        </provider>
112
113        <receiver
113-->[androidx.profileinstaller:profileinstaller:1.3.1] AndroidManifest.xml:34:9-52:20
114            android:name="androidx.profileinstaller.ProfileInstallReceiver"
114-->[androidx.profileinstaller:profileinstaller:1.3.1] AndroidManifest.xml:35:13-76
115            android:directBootAware="false"
115-->[androidx.profileinstaller:profileinstaller:1.3.1] AndroidManifest.xml:36:13-44
116            android:enabled="true"
116-->[androidx.profileinstaller:profileinstaller:1.3.1] AndroidManifest.xml:37:13-35
117            android:exported="true"
117-->[androidx.profileinstaller:profileinstaller:1.3.1] AndroidManifest.xml:38:13-36
118            android:permission="android.permission.DUMP" >
118-->[androidx.profileinstaller:profileinstaller:1.3.1] AndroidManifest.xml:39:13-57
119            <intent-filter>
119-->[androidx.profileinstaller:profileinstaller:1.3.1] AndroidManifest.xml:40:13-42:29
120                <action android:name="androidx.profileinstaller.action.INSTALL_PROFILE" />
120-->[androidx.profileinstaller:profileinstaller:1.3.1] AndroidManifest.xml:41:17-91
120-->[androidx.profileinstaller:profileinstaller:1.3.1] AndroidManifest.xml:41:25-88
121            </intent-filter>
122            <intent-filter>
122-->[androidx.profileinstaller:profileinstaller:1.3.1] AndroidManifest.xml:43:13-45:29
123                <action android:name="androidx.profileinstaller.action.SKIP_FILE" />
123-->[androidx.profileinstaller:profileinstaller:1.3.1] AndroidManifest.xml:44:17-85
123-->[androidx.profileinstaller:profileinstaller:1.3.1] AndroidManifest.xml:44:25-82
124            </intent-filter>
125            <intent-filter>
125-->[androidx.profileinstaller:profileinstaller:1.3.1] AndroidManifest.xml:46:13-48:29
126                <action android:name="androidx.profileinstaller.action.SAVE_PROFILE" />
126-->[androidx.profileinstaller:profileinstaller:1.3.1] AndroidManifest.xml:47:17-88
126-->[androidx.profileinstaller:profileinstaller:1.3.1] AndroidManifest.xml:47:25-85
127            </intent-filter>
128            <intent-filter>
128-->[androidx.profileinstaller:profileinstaller:1.3.1] AndroidManifest.xml:49:13-51:29
129                <action android:name="androidx.profileinstaller.action.BENCHMARK_OPERATION" />
129-->[androidx.profileinstaller:profileinstaller:1.3.1] AndroidManifest.xml:50:17-95
129-->[androidx.profileinstaller:profileinstaller:1.3.1] AndroidManifest.xml:50:25-92
130            </intent-filter>
131        </receiver>
132    </application>
133
134</manifest>